<?xml version="1.0" encoding="UTF-8"?>
<!-- Generated by org.testng.reporters.JUnitXMLReporter -->
<testsuite hostname="Lenovo-PC" name="Surefire test" tests="12" failures="0" timestamp="17 Sep 2020 09:05:49 GMT" time="283.662" errors="0">
  <testcase name="validateCreateNewContact" time="6.959" classname="com.crm.qa.testcases.ContactPageTest"/>
  <testcase name="validateCreateNewDeal" time="8.408" classname="com.crm.qa.testcases.DealsPageTest"/>
  <testcase name="verifyHomePageTitleTest" time="0.064" classname="com.crm.qa.testcases.HomePageTest"/>
  <testcase name="VerifyUserNameLabelTest" time="0.363" classname="com.crm.qa.testcases.HomePageTest"/>
  <testcase name="verifyContactLinkTest" time="2.768" classname="com.crm.qa.testcases.HomePageTest"/>
  <testcase name="verifyDealsLinkTest" time="2.697" classname="com.crm.qa.testcases.HomePageTest"/>
  <testcase name="loginPageTilteTest" time="0.147" classname="com.crm.qa.testcases.LoginPageTest"/>
  <testcase name="crmLogoImageTest" time="0.339" classname="com.crm.qa.testcases.LoginPageTest"/>
  <testcase name="loginTest" time="11.774" classname="com.crm.qa.testcases.LoginPageTest"/>
  <testcase name="validateCreateProduct" time="3.123" classname="com.crm.qa.testcases.ProductPageTest"/>
  <testcase name="validateNewProductbutton" time="4.331" classname="com.crm.qa.testcases.ProductPageTest"/>
  <testcase name="validateCreateNewProductTest" time="6.869" classname="com.crm.qa.testcases.ProductPageTest"/>
</testsuite> <!-- Surefire test -->
