<?xml version="1.0" encoding="UTF-8"?>
<testng-results skipped="0" failed="0" total="1" passed="1">
  <reporter-output>
  </reporter-output>
  <suite name="Default suite" duration-ms="24733" started-at="2020-09-15T15:02:49Z" finished-at="2020-09-15T15:03:14Z">
    <groups>
    </groups>
    <test name="Default test" duration-ms="24733" started-at="2020-09-15T15:02:49Z" finished-at="2020-09-15T15:03:14Z">
      <class name="com.crm.qa.testcases.ProductPageTest">
        <test-method status="PASS" signature="setUp()[pri:0, instance:com.crm.qa.testcases.ProductPageTest@6767c1fc]" name="setUp" is-config="true" duration-ms="16134" started-at="2020-09-15T20:32:49Z" finished-at="2020-09-15T20:33:05Z">
          <reporter-output>
          </reporter-output>
        </test-method> <!-- setUp -->
        <test-method status="PASS" signature="validateCreateNewProductTest()[pri:0, instance:com.crm.qa.testcases.ProductPageTest@6767c1fc]" name="validateCreateNewProductTest" duration-ms="7764" started-at="2020-09-15T20:33:05Z" finished-at="2020-09-15T20:33:13Z">
          <reporter-output>
          </reporter-output>
        </test-method> <!-- validateCreateNewProductTest -->
        <test-method status="PASS" signature="teardown()[pri:0, instance:com.crm.qa.testcases.ProductPageTest@6767c1fc]" name="teardown" is-config="true" duration-ms="803" started-at="2020-09-15T20:33:13Z" finished-at="2020-09-15T20:33:14Z">
          <reporter-output>
          </reporter-output>
        </test-method> <!-- teardown -->
      </class> <!-- com.crm.qa.testcases.ProductPageTest -->
    </test> <!-- Default test -->
  </suite> <!-- Default suite -->
</testng-results>
