<?xml version="1.0" encoding="UTF-8"?>
<testng-results skipped="0" failed="0" total="12" passed="12">
  <reporter-output>
  </reporter-output>
  <suite name="Surefire suite" duration-ms="283662" started-at="2020-09-17T09:01:06Z" finished-at="2020-09-17T09:05:49Z">
    <groups>
    </groups>
    <test name="Surefire test" duration-ms="283662" started-at="2020-09-17T09:01:06Z" finished-at="2020-09-17T09:05:49Z">
      <class name="com.crm.qa.testcases.ContactPageTest">
        <test-method status="PASS" signature="setUp()[pri:0, instance:com.crm.qa.testcases.ContactPageTest@9f70c54]" name="setUp" is-config="true" duration-ms="26060" started-at="2020-09-17T14:31:06Z" finished-at="2020-09-17T14:31:32Z">
          <reporter-output>
          </reporter-output>
        </test-method> <!-- setUp -->
        <test-method status="PASS" signature="validateCreateNewContact()[pri:0, instance:com.crm.qa.testcases.ContactPageTest@9f70c54]" name="validateCreateNewContact" duration-ms="6959" started-at="2020-09-17T14:31:32Z" finished-at="2020-09-17T14:31:39Z">
          <reporter-output>
          </reporter-output>
        </test-method> <!-- validateCreateNewContact -->
        <test-method status="PASS" signature="teardown()[pri:0, instance:com.crm.qa.testcases.ContactPageTest@9f70c54]" name="teardown" is-config="true" duration-ms="2909" started-at="2020-09-17T14:31:39Z" finished-at="2020-09-17T14:31:42Z">
          <reporter-output>
          </reporter-output>
        </test-method> <!-- teardown -->
      </class> <!-- com.crm.qa.testcases.ContactPageTest -->
      <class name="com.crm.qa.testcases.HomePageTest">
        <test-method status="PASS" signature="setUp()[pri:0, instance:com.crm.qa.testcases.HomePageTest@2c9f9fb0]" name="setUp" is-config="true" duration-ms="17406" started-at="2020-09-17T14:32:13Z" finished-at="2020-09-17T14:32:30Z">
          <reporter-output>
          </reporter-output>
        </test-method> <!-- setUp -->
        <test-method status="PASS" signature="verifyHomePageTitleTest()[pri:0, instance:com.crm.qa.testcases.HomePageTest@2c9f9fb0]" name="verifyHomePageTitleTest" duration-ms="64" started-at="2020-09-17T14:32:30Z" finished-at="2020-09-17T14:32:30Z">
          <reporter-output>
          </reporter-output>
        </test-method> <!-- verifyHomePageTitleTest -->
        <test-method status="PASS" signature="teardown()[pri:0, instance:com.crm.qa.testcases.HomePageTest@2c9f9fb0]" name="teardown" is-config="true" duration-ms="1024" started-at="2020-09-17T14:32:30Z" finished-at="2020-09-17T14:32:31Z">
          <reporter-output>
          </reporter-output>
        </test-method> <!-- teardown -->
        <test-method status="PASS" signature="setUp()[pri:0, instance:com.crm.qa.testcases.HomePageTest@2c9f9fb0]" name="setUp" is-config="true" duration-ms="22879" started-at="2020-09-17T14:32:31Z" finished-at="2020-09-17T14:32:54Z">
          <reporter-output>
          </reporter-output>
        </test-method> <!-- setUp -->
        <test-method status="PASS" signature="VerifyUserNameLabelTest()[pri:0, instance:com.crm.qa.testcases.HomePageTest@2c9f9fb0]" name="VerifyUserNameLabelTest" duration-ms="363" started-at="2020-09-17T14:32:54Z" finished-at="2020-09-17T14:32:54Z">
          <reporter-output>
          </reporter-output>
        </test-method> <!-- VerifyUserNameLabelTest -->
        <test-method status="PASS" signature="teardown()[pri:0, instance:com.crm.qa.testcases.HomePageTest@2c9f9fb0]" name="teardown" is-config="true" duration-ms="1643" started-at="2020-09-17T14:32:54Z" finished-at="2020-09-17T14:32:56Z">
          <reporter-output>
          </reporter-output>
        </test-method> <!-- teardown -->
        <test-method status="PASS" signature="setUp()[pri:0, instance:com.crm.qa.testcases.HomePageTest@2c9f9fb0]" name="setUp" is-config="true" duration-ms="13752" started-at="2020-09-17T14:32:56Z" finished-at="2020-09-17T14:33:10Z">
          <reporter-output>
          </reporter-output>
        </test-method> <!-- setUp -->
        <test-method status="PASS" signature="verifyContactLinkTest()[pri:0, instance:com.crm.qa.testcases.HomePageTest@2c9f9fb0]" name="verifyContactLinkTest" duration-ms="2768" started-at="2020-09-17T14:33:10Z" finished-at="2020-09-17T14:33:13Z">
          <reporter-output>
          </reporter-output>
        </test-method> <!-- verifyContactLinkTest -->
        <test-method status="PASS" signature="teardown()[pri:0, instance:com.crm.qa.testcases.HomePageTest@2c9f9fb0]" name="teardown" is-config="true" duration-ms="722" started-at="2020-09-17T14:33:13Z" finished-at="2020-09-17T14:33:13Z">
          <reporter-output>
          </reporter-output>
        </test-method> <!-- teardown -->
        <test-method status="PASS" signature="setUp()[pri:0, instance:com.crm.qa.testcases.HomePageTest@2c9f9fb0]" name="setUp" is-config="true" duration-ms="21664" started-at="2020-09-17T14:33:13Z" finished-at="2020-09-17T14:33:35Z">
          <reporter-output>
          </reporter-output>
        </test-method> <!-- setUp -->
        <test-method status="PASS" signature="verifyDealsLinkTest()[pri:0, instance:com.crm.qa.testcases.HomePageTest@2c9f9fb0]" name="verifyDealsLinkTest" duration-ms="2697" started-at="2020-09-17T14:33:35Z" finished-at="2020-09-17T14:33:38Z">
          <reporter-output>
          </reporter-output>
        </test-method> <!-- verifyDealsLinkTest -->
        <test-method status="PASS" signature="teardown()[pri:0, instance:com.crm.qa.testcases.HomePageTest@2c9f9fb0]" name="teardown" is-config="true" duration-ms="1165" started-at="2020-09-17T14:33:38Z" finished-at="2020-09-17T14:33:39Z">
          <reporter-output>
          </reporter-output>
        </test-method> <!-- teardown -->
      </class> <!-- com.crm.qa.testcases.HomePageTest -->
      <class name="com.crm.qa.testcases.ProductPageTest">
        <test-method status="PASS" signature="setUp()[pri:0, instance:com.crm.qa.testcases.ProductPageTest@2d3fcdbd]" name="setUp" is-config="true" duration-ms="30547" started-at="2020-09-17T14:34:30Z" finished-at="2020-09-17T14:35:01Z">
          <reporter-output>
          </reporter-output>
        </test-method> <!-- setUp -->
        <test-method status="PASS" signature="validateCreateProduct()[pri:0, instance:com.crm.qa.testcases.ProductPageTest@2d3fcdbd]" name="validateCreateProduct" duration-ms="3123" started-at="2020-09-17T14:35:01Z" finished-at="2020-09-17T14:35:04Z">
          <reporter-output>
          </reporter-output>
        </test-method> <!-- validateCreateProduct -->
        <test-method status="PASS" signature="teardown()[pri:0, instance:com.crm.qa.testcases.ProductPageTest@2d3fcdbd]" name="teardown" is-config="true" duration-ms="947" started-at="2020-09-17T14:35:04Z" finished-at="2020-09-17T14:35:05Z">
          <reporter-output>
          </reporter-output>
        </test-method> <!-- teardown -->
        <test-method status="PASS" signature="setUp()[pri:0, instance:com.crm.qa.testcases.ProductPageTest@2d3fcdbd]" name="setUp" is-config="true" duration-ms="15478" started-at="2020-09-17T14:35:05Z" finished-at="2020-09-17T14:35:20Z">
          <reporter-output>
          </reporter-output>
        </test-method> <!-- setUp -->
        <test-method status="PASS" signature="validateNewProductbutton()[pri:0, instance:com.crm.qa.testcases.ProductPageTest@2d3fcdbd]" name="validateNewProductbutton" duration-ms="4331" started-at="2020-09-17T14:35:20Z" finished-at="2020-09-17T14:35:25Z">
          <reporter-output>
          </reporter-output>
        </test-method> <!-- validateNewProductbutton -->
        <test-method status="PASS" signature="teardown()[pri:0, instance:com.crm.qa.testcases.ProductPageTest@2d3fcdbd]" name="teardown" is-config="true" duration-ms="812" started-at="2020-09-17T14:35:25Z" finished-at="2020-09-17T14:35:26Z">
          <reporter-output>
          </reporter-output>
        </test-method> <!-- teardown -->
        <test-method status="PASS" signature="setUp()[pri:0, instance:com.crm.qa.testcases.ProductPageTest@2d3fcdbd]" name="setUp" is-config="true" duration-ms="15488" started-at="2020-09-17T14:35:26Z" finished-at="2020-09-17T14:35:41Z">
          <reporter-output>
          </reporter-output>
        </test-method> <!-- setUp -->
        <test-method status="PASS" signature="validateCreateNewProductTest()[pri:0, instance:com.crm.qa.testcases.ProductPageTest@2d3fcdbd]" name="validateCreateNewProductTest" duration-ms="6869" started-at="2020-09-17T14:35:41Z" finished-at="2020-09-17T14:35:48Z">
          <reporter-output>
          </reporter-output>
        </test-method> <!-- validateCreateNewProductTest -->
        <test-method status="PASS" signature="teardown()[pri:0, instance:com.crm.qa.testcases.ProductPageTest@2d3fcdbd]" name="teardown" is-config="true" duration-ms="1211" started-at="2020-09-17T14:35:48Z" finished-at="2020-09-17T14:35:49Z">
          <reporter-output>
          </reporter-output>
        </test-method> <!-- teardown -->
      </class> <!-- com.crm.qa.testcases.ProductPageTest -->
      <class name="com.crm.qa.testcases.LoginPageTest">
        <test-method status="PASS" signature="setup()[pri:0, instance:com.crm.qa.testcases.LoginPageTest@234bef66]" name="setup" is-config="true" duration-ms="10630" started-at="2020-09-17T14:33:39Z" finished-at="2020-09-17T14:33:49Z">
          <reporter-output>
          </reporter-output>
        </test-method> <!-- setup -->
        <test-method status="PASS" signature="loginPageTilteTest()[pri:0, instance:com.crm.qa.testcases.LoginPageTest@234bef66]" name="loginPageTilteTest" duration-ms="147" started-at="2020-09-17T14:33:49Z" finished-at="2020-09-17T14:33:50Z">
          <reporter-output>
          </reporter-output>
        </test-method> <!-- loginPageTilteTest -->
        <test-method status="PASS" signature="teardown()[pri:0, instance:com.crm.qa.testcases.LoginPageTest@234bef66]" name="teardown" is-config="true" duration-ms="767" started-at="2020-09-17T14:33:50Z" finished-at="2020-09-17T14:33:50Z">
          <reporter-output>
          </reporter-output>
        </test-method> <!-- teardown -->
        <test-method status="PASS" signature="setup()[pri:0, instance:com.crm.qa.testcases.LoginPageTest@234bef66]" name="setup" is-config="true" duration-ms="9146" started-at="2020-09-17T14:33:50Z" finished-at="2020-09-17T14:33:59Z">
          <reporter-output>
          </reporter-output>
        </test-method> <!-- setup -->
        <test-method status="PASS" signature="crmLogoImageTest()[pri:0, instance:com.crm.qa.testcases.LoginPageTest@234bef66]" name="crmLogoImageTest" duration-ms="339" started-at="2020-09-17T14:33:59Z" finished-at="2020-09-17T14:34:00Z">
          <reporter-output>
          </reporter-output>
        </test-method> <!-- crmLogoImageTest -->
        <test-method status="PASS" signature="teardown()[pri:0, instance:com.crm.qa.testcases.LoginPageTest@234bef66]" name="teardown" is-config="true" duration-ms="2662" started-at="2020-09-17T14:34:00Z" finished-at="2020-09-17T14:34:02Z">
          <reporter-output>
          </reporter-output>
        </test-method> <!-- teardown -->
        <test-method status="PASS" signature="setup()[pri:0, instance:com.crm.qa.testcases.LoginPageTest@234bef66]" name="setup" is-config="true" duration-ms="12447" started-at="2020-09-17T14:34:02Z" finished-at="2020-09-17T14:34:15Z">
          <reporter-output>
          </reporter-output>
        </test-method> <!-- setup -->
        <test-method status="PASS" signature="loginTest()[pri:0, instance:com.crm.qa.testcases.LoginPageTest@234bef66]" name="loginTest" duration-ms="11774" started-at="2020-09-17T14:34:15Z" finished-at="2020-09-17T14:34:27Z">
          <reporter-output>
          </reporter-output>
        </test-method> <!-- loginTest -->
        <test-method status="PASS" signature="teardown()[pri:0, instance:com.crm.qa.testcases.LoginPageTest@234bef66]" name="teardown" is-config="true" duration-ms="3717" started-at="2020-09-17T14:34:27Z" finished-at="2020-09-17T14:34:30Z">
          <reporter-output>
          </reporter-output>
        </test-method> <!-- teardown -->
      </class> <!-- com.crm.qa.testcases.LoginPageTest -->
      <class name="com.crm.qa.testcases.DealsPageTest">
        <test-method status="PASS" signature="setUp()[pri:0, instance:com.crm.qa.testcases.DealsPageTest@2096442d]" name="setUp" is-config="true" duration-ms="19554" started-at="2020-09-17T14:31:42Z" finished-at="2020-09-17T14:32:01Z">
          <reporter-output>
          </reporter-output>
        </test-method> <!-- setUp -->
        <test-method status="PASS" signature="validateCreateNewDeal()[pri:0, instance:com.crm.qa.testcases.DealsPageTest@2096442d]" name="validateCreateNewDeal" duration-ms="8408" started-at="2020-09-17T14:32:01Z" finished-at="2020-09-17T14:32:09Z">
          <reporter-output>
          </reporter-output>
        </test-method> <!-- validateCreateNewDeal -->
        <test-method status="PASS" signature="teardown()[pri:0, instance:com.crm.qa.testcases.DealsPageTest@2096442d]" name="teardown" is-config="true" duration-ms="3127" started-at="2020-09-17T14:32:09Z" finished-at="2020-09-17T14:32:13Z">
          <reporter-output>
          </reporter-output>
        </test-method> <!-- teardown -->
      </class> <!-- com.crm.qa.testcases.DealsPageTest -->
    </test> <!-- Surefire test -->
  </suite> <!-- Surefire suite -->
</testng-results>
