<?xml version="1.0" encoding="UTF-8"?>
<testsuite xmlns:xsi="http://www.w3.org/2001/XMLSchema-instance" xsi:noNamespaceSchemaLocation="https://maven.apache.org/surefire/maven-surefire-plugin/xsd/surefire-test-report.xsd" name="TestSuite" time="285.18" tests="12" errors="0" skipped="0" failures="0">
  <properties>
[...]
</properties>
  <testcase name="validateCreateNewContact" classname="com.crm.qa.testcases.ContactPageTest" time="6.961"/>
  <testcase name="validateCreateNewDeal" classname="com.crm.qa.testcases.DealsPageTest" time="8.409"/>
  <testcase name="verifyHomePageTitleTest" classname="com.crm.qa.testcases.HomePageTest" time="0.059"/>
  <testcase name="VerifyUserNameLabelTest" classname="com.crm.qa.testcases.HomePageTest" time="0.361"/>
  <testcase name="verifyContactLinkTest" classname="com.crm.qa.testcases.HomePageTest" time="2.76"/>
  <testcase name="verifyDealsLinkTest" classname="com.crm.qa.testcases.HomePageTest" time="2.696"/>
  <testcase name="loginPageTilteTest" classname="com.crm.qa.testcases.LoginPageTest" time="0.145"/>
  <testcase name="crmLogoImageTest" classname="com.crm.qa.testcases.LoginPageTest" time="0.341"/>
  <testcase name="loginTest" classname="com.crm.qa.testcases.LoginPageTest" time="11.774"/>
  <testcase name="validateCreateProduct" classname="com.crm.qa.testcases.ProductPageTest" time="3.123"/>
  <testcase name="validateNewProductbutton" classname="com.crm.qa.testcases.ProductPageTest" time="4.331"/>
  <testcase name="validateCreateNewProductTest" classname="com.crm.qa.testcases.ProductPageTest" time="6.87"/>
</testsuite>